<?xml version="1.0" encoding="UTF-8"?>
<testsuite name="ar.com.mercadolibre.envios.CalculadorCostoTest" tests="3" skipped="0" failures="0" errors="0" timestamp="2019-08-13T14:24:32" hostname="AR0FVFYM1CJHV2J" time="0.001">
  <properties/>
  <testcase name="debeCalcularCosto" classname="ar.com.mercadolibre.envios.CalculadorCostoTest" time="0.001"/>
  <testcase name="noDebeCalcularElCostoSiNoHayPaquetes" classname="ar.com.mercadolibre.envios.CalculadorCostoTest" time="0.0"/>
  <testcase name="debeCrearCalculador" classname="ar.com.mercadolibre.envios.CalculadorCostoTest" time="0.0"/>
  <system-out><![CDATA[]]></system-out>
  <system-err><![CDATA[]]></system-err>
</testsuite>
