<?xml version="1.0" encoding="UTF-8"?>
<testsuite name="ar.com.mercadolibre.tragamonedas.TamborTest" tests="3" skipped="0" failures="0" errors="0" timestamp="2019-08-13T12:23:31" hostname="AR0FVFYM1CJHV2J" time="0.003">
  <properties/>
  <testcase name="debeCrearTamborConPosicionInicial" classname="ar.com.mercadolibre.tragamonedas.TamborTest" time="0.002"/>
  <testcase name="debeGirarYMantenerseEnlimite" classname="ar.com.mercadolibre.tragamonedas.TamborTest" time="0.0"/>
  <testcase name="debeCrearTambor" classname="ar.com.mercadolibre.tragamonedas.TamborTest" time="0.0"/>
  <system-out><![CDATA[]]></system-out>
  <system-err><![CDATA[]]></system-err>
</testsuite>
