<?xml version="1.0" encoding="UTF-8"?>
<testsuite name="ar.com.mercadolibre.envios.EnvioTest" tests="1" skipped="0" failures="0" errors="0" timestamp="2019-08-13T12:23:31" hostname="AR0FVFYM1CJHV2J" time="0.001">
  <properties/>
  <testcase name="debeCrearEnvioConPaquetesVehiculoFechaEntrega" classname="ar.com.mercadolibre.envios.EnvioTest" time="0.001"/>
  <system-out><![CDATA[]]></system-out>
  <system-err><![CDATA[]]></system-err>
</testsuite>
