<?xml version="1.0" encoding="UTF-8"?>
<testsuite name="ar.com.mercadolibre.envios.DespachadorTest" tests="2" skipped="0" failures="0" errors="0" timestamp="2019-08-13T12:23:31" hostname="AR0FVFYM1CJHV2J" time="0.017">
  <properties/>
  <testcase name="debeCrearUnDespachador" classname="ar.com.mercadolibre.envios.DespachadorTest" time="0.001"/>
  <testcase name="debeDespacharEnvio" classname="ar.com.mercadolibre.envios.DespachadorTest" time="0.015"/>
  <system-out><![CDATA[]]></system-out>
  <system-err><![CDATA[]]></system-err>
</testsuite>
