<?xml version="1.0" encoding="UTF-8"?>
<testsuite name="ar.com.mercadolibre.library.RentalTest" tests="1" skipped="0" failures="0" errors="0" timestamp="2019-08-13T14:24:32" hostname="AR0FVFYM1CJHV2J" time="0.001">
  <properties/>
  <testcase name="shouldCreateRental" classname="ar.com.mercadolibre.library.RentalTest" time="0.001"/>
  <system-out><![CDATA[]]></system-out>
  <system-err><![CDATA[]]></system-err>
</testsuite>
