<?xml version="1.0" encoding="UTF-8"?>
<testsuite name="ar.com.mercadolibre.envios.VehiculoTest" tests="3" skipped="0" failures="0" errors="0" timestamp="2019-08-13T12:23:31" hostname="AR0FVFYM1CJHV2J" time="0.0">
  <properties/>
  <testcase name="debeCrearBicicleta" classname="ar.com.mercadolibre.envios.VehiculoTest" time="0.0"/>
  <testcase name="debeCrearAuto" classname="ar.com.mercadolibre.envios.VehiculoTest" time="0.0"/>
  <testcase name="debeCrearCamioneta" classname="ar.com.mercadolibre.envios.VehiculoTest" time="0.0"/>
  <system-out><![CDATA[]]></system-out>
  <system-err><![CDATA[]]></system-err>
</testsuite>
