<?xml version="1.0" encoding="UTF-8"?>
<testsuite name="ar.com.mercadolibre.envios.AsignadorVehiculoTest" tests="2" skipped="0" failures="0" errors="0" timestamp="2019-08-13T12:23:31" hostname="AR0FVFYM1CJHV2J" time="0.049">
  <properties/>
  <testcase name="debeCrearAsignadorVehiculo" classname="ar.com.mercadolibre.envios.AsignadorVehiculoTest" time="0.036"/>
  <testcase name="debeAsignarVehiculoAlEnvio" classname="ar.com.mercadolibre.envios.AsignadorVehiculoTest" time="0.012"/>
  <system-out><![CDATA[]]></system-out>
  <system-err><![CDATA[]]></system-err>
</testsuite>
