<?xml version="1.0" encoding="UTF-8"?>
<testsuite name="ar.com.mercadolibre.envios.AsignadorVehiculoTest" tests="2" skipped="0" failures="0" errors="0" timestamp="2019-08-13T14:24:32" hostname="AR0FVFYM1CJHV2J" time="0.003">
  <properties/>
  <testcase name="debeCrearAsignadorVehiculo" classname="ar.com.mercadolibre.envios.AsignadorVehiculoTest" time="0.0"/>
  <testcase name="debeAsignarVehiculoAlEnvio" classname="ar.com.mercadolibre.envios.AsignadorVehiculoTest" time="0.003"/>
  <system-out><![CDATA[]]></system-out>
  <system-err><![CDATA[]]></system-err>
</testsuite>
